<?xml version="1.0" encoding="UTF-8"?>
<!-- Generated by org.testng.reporters.JUnitXMLReporter -->
<testsuite hostname="LAPTOP-K8TMGJDT" name="Test" tests="2" failures="1" timestamp="30 Oct 2021 06:33:04 GMT" time="93.96" errors="0">
  <testcase name="verifyUsername1" time="1.866" classname="com.qa.TestCases.TQLoginTest">
    <failure type="java.lang.AssertionError" message="expected [false] but found [true]">
      <![CDATA[java.lang.AssertionError: expected [false] but found [true]
	at com.qa.TestCases.TQLoginTest.verifyUsername1(TQLoginTest.java:36)
... Removed 29 stack frames]]>
    </failure>
  </testcase> <!-- verifyUsername1 -->
  <testcase name="verifyUsername2" time="3.393" classname="com.qa.TestCases.TQLoginTest"/>
</testsuite> <!-- Test -->
