<?xml version="1.0" encoding="UTF-8"?>
<!-- Generated by org.testng.reporters.JUnitXMLReporter -->
<testsuite hostname="DESKTOP-G7PJL0M" ignored="4" name="Command line test" tests="6" failures="0" timestamp="09 Aug 2020 09:10:41 GMT" time="3.024" errors="0">
  <testcase name="@BeforeMethod setup" time="0.0" classname="com.qa.TestCases.HomeTest">
    <failure type="org.testng.TestNGException" message="
Parameter &amp;apos;Browser&amp;apos; is required by BeforeMethod on method setup but has not been marked @Optional or defined
">
      <![CDATA[org.testng.TestNGException: 
Parameter 'Browser' is required by BeforeMethod on method setup but has not been marked @Optional or defined

... Removed 35 stack frames]]>
    </failure>
  </testcase> <!-- @BeforeMethod setup -->
  <testcase name="@AfterMethod getResult" time="0.006" classname="com.qa.TestCases.BaseTest">
    <failure type="java.lang.NullPointerException">
      <![CDATA[java.lang.NullPointerException
at com.qa.browser.DriverFactory.quit(DriverFactory.java:77)
at com.qa.TestCases.BaseTest.getResult(BaseTest.java:52)
... Removed 38 stack frames]]>
    </failure>
  </testcase> <!-- @AfterMethod getResult -->
  <testcase name="@BeforeMethod setup" time="0.0" classname="com.qa.TestCases.LoginTest">
    <failure type="org.testng.TestNGException" message="
Parameter &amp;apos;Browser&amp;apos; is required by BeforeMethod on method setup but has not been marked @Optional or defined
">
      <![CDATA[org.testng.TestNGException: 
Parameter 'Browser' is required by BeforeMethod on method setup but has not been marked @Optional or defined

... Removed 35 stack frames]]>
    </failure>
  </testcase> <!-- @BeforeMethod setup -->
  <testcase name="@AfterMethod getResult" time="0.001" classname="com.qa.TestCases.BaseTest">
    <failure type="java.lang.NullPointerException">
      <![CDATA[java.lang.NullPointerException
at com.qa.browser.DriverFactory.quit(DriverFactory.java:77)
at com.qa.TestCases.BaseTest.getResult(BaseTest.java:52)
... Removed 38 stack frames]]>
    </failure>
  </testcase> <!-- @AfterMethod getResult -->
  <testcase name="@BeforeMethod setup" time="0.0" classname="com.qa.TestCases.LoginTest">
    <failure type="org.testng.TestNGException" message="
Parameter &amp;apos;Browser&amp;apos; is required by BeforeMethod on method setup but has not been marked @Optional or defined
">
      <![CDATA[org.testng.TestNGException: 
Parameter 'Browser' is required by BeforeMethod on method setup but has not been marked @Optional or defined

... Removed 35 stack frames]]>
    </failure>
  </testcase> <!-- @BeforeMethod setup -->
  <testcase name="@AfterMethod getResult" time="0.001" classname="com.qa.TestCases.BaseTest">
    <failure type="java.lang.NullPointerException">
      <![CDATA[java.lang.NullPointerException
at com.qa.browser.DriverFactory.quit(DriverFactory.java:77)
at com.qa.TestCases.BaseTest.getResult(BaseTest.java:52)
... Removed 38 stack frames]]>
    </failure>
  </testcase> <!-- @AfterMethod getResult -->
  <testcase name="@BeforeMethod setup" time="0.0" classname="com.qa.TestCases.LoginTest">
    <failure type="org.testng.TestNGException" message="
Parameter &amp;apos;Browser&amp;apos; is required by BeforeMethod on method setup but has not been marked @Optional or defined
">
      <![CDATA[org.testng.TestNGException: 
Parameter 'Browser' is required by BeforeMethod on method setup but has not been marked @Optional or defined

... Removed 35 stack frames]]>
    </failure>
  </testcase> <!-- @BeforeMethod setup -->
  <testcase name="@AfterMethod getResult" time="0.001" classname="com.qa.TestCases.BaseTest">
    <failure type="java.lang.NullPointerException">
      <![CDATA[java.lang.NullPointerException
at com.qa.browser.DriverFactory.quit(DriverFactory.java:77)
at com.qa.TestCases.BaseTest.getResult(BaseTest.java:52)
... Removed 38 stack frames]]>
    </failure>
  </testcase> <!-- @AfterMethod getResult -->
  <testcase name="@BeforeMethod setup" time="0.0" classname="com.qa.TestCases.LoginTest">
    <failure type="org.testng.TestNGException" message="
Parameter &amp;apos;Browser&amp;apos; is required by BeforeMethod on method setup but has not been marked @Optional or defined
">
      <![CDATA[org.testng.TestNGException: 
Parameter 'Browser' is required by BeforeMethod on method setup but has not been marked @Optional or defined

... Removed 35 stack frames]]>
    </failure>
  </testcase> <!-- @BeforeMethod setup -->
  <testcase name="@AfterMethod getResult" time="0.001" classname="com.qa.TestCases.BaseTest">
    <failure type="java.lang.NullPointerException">
      <![CDATA[java.lang.NullPointerException
at com.qa.browser.DriverFactory.quit(DriverFactory.java:77)
at com.qa.TestCases.BaseTest.getResult(BaseTest.java:52)
... Removed 38 stack frames]]>
    </failure>
  </testcase> <!-- @AfterMethod getResult -->
  <testcase name="@BeforeMethod setup" time="0.0" classname="com.qa.TestCases.LoginTest">
    <failure type="org.testng.TestNGException" message="
Parameter &amp;apos;Browser&amp;apos; is required by BeforeMethod on method setup but has not been marked @Optional or defined
">
      <![CDATA[org.testng.TestNGException: 
Parameter 'Browser' is required by BeforeMethod on method setup but has not been marked @Optional or defined

... Removed 35 stack frames]]>
    </failure>
  </testcase> <!-- @BeforeMethod setup -->
  <testcase name="@AfterMethod getResult" time="0.0" classname="com.qa.TestCases.BaseTest">
    <failure type="java.lang.NullPointerException">
      <![CDATA[java.lang.NullPointerException
at com.qa.browser.DriverFactory.quit(DriverFactory.java:77)
at com.qa.TestCases.BaseTest.getResult(BaseTest.java:52)
... Removed 38 stack frames]]>
    </failure>
  </testcase> <!-- @AfterMethod getResult -->
  <testcase name="verifyUsername" time="0.0" classname="com.qa.TestCases.HomeTest">
    <skipped/>
  </testcase> <!-- verifyUsername -->
  <testcase name="verifyLoginTest" time="0.0" classname="com.qa.TestCases.LoginTest">
    <skipped/>
  </testcase> <!-- verifyLoginTest -->
  <testcase name="verifyPageTitle" time="0.0" classname="com.qa.TestCases.LoginTest">
    <skipped/>
  </testcase> <!-- verifyPageTitle -->
  <testcase name="verifyinvalidLoginLogout" time="0.0" classname="com.qa.TestCases.LoginTest">
    <skipped/>
  </testcase> <!-- verifyinvalidLoginLogout -->
  <testcase name="verifyForgotPass" time="0.0" classname="com.qa.TestCases.LoginTest">
    <skipped/>
  </testcase> <!-- verifyForgotPass -->
  <testcase name="verifyThatGoto" time="0.0" classname="com.qa.TestCases.LoginTest">
    <skipped/>
  </testcase> <!-- verifyThatGoto -->
  <testcase name="@BeforeTest startExtendReport" time="0.0" classname="com.qa.TestCases.BaseTest">
    <ignored/>
  </testcase> <!-- @BeforeTest startExtendReport -->
  <testcase name="@BeforeTest startExtendReport" time="0.0" classname="com.qa.TestCases.BaseTest">
    <ignored/>
  </testcase> <!-- @BeforeTest startExtendReport -->
  <testcase name="@AfterTest flushReport" time="0.0" classname="com.qa.TestCases.BaseTest">
    <ignored/>
  </testcase> <!-- @AfterTest flushReport -->
  <testcase name="@AfterTest flushReport" time="0.0" classname="com.qa.TestCases.BaseTest">
    <ignored/>
  </testcase> <!-- @AfterTest flushReport -->
</testsuite> <!-- Command line test -->
